h:\glstudy\gllearning\gllearning\x64\debug\vc143.pdb
h:\glstudy\gllearning\gllearning\x64\debug\vc143.idb
h:\glstudy\gllearning\gllearning\x64\debug\glad.obj
h:\glstudy\gllearning\gllearning\x64\debug\shader.obj
h:\glstudy\gllearning\gllearning\x64\debug\main.obj
h:\glstudy\gllearning\gllearning\x64\debug\texture.obj
h:\glstudy\gllearning\x64\debug\gllearning.exe
h:\glstudy\gllearning\gllearning\x64\debug\gllearning.ilk
h:\glstudy\gllearning\x64\debug\gllearning.pdb
h:\glstudy\gllearning\gllearning\x64\debug\gllearning.tlog\cl.command.1.tlog
h:\glstudy\gllearning\gllearning\x64\debug\gllearning.tlog\cl.items.tlog
h:\glstudy\gllearning\gllearning\x64\debug\gllearning.tlog\cl.read.1.tlog
h:\glstudy\gllearning\gllearning\x64\debug\gllearning.tlog\cl.write.1.tlog
h:\glstudy\gllearning\gllearning\x64\debug\gllearning.tlog\link-cvtres.read.1.tlog
h:\glstudy\gllearning\gllearning\x64\debug\gllearning.tlog\link-cvtres.write.1.tlog
h:\glstudy\gllearning\gllearning\x64\debug\gllearning.tlog\link-rc.read.1.tlog
h:\glstudy\gllearning\gllearning\x64\debug\gllearning.tlog\link-rc.write.1.tlog
h:\glstudy\gllearning\gllearning\x64\debug\gllearning.tlog\link.11604-cvtres.read.1.tlog
h:\glstudy\gllearning\gllearning\x64\debug\gllearning.tlog\link.11604-cvtres.write.1.tlog
h:\glstudy\gllearning\gllearning\x64\debug\gllearning.tlog\link.11604-rc.read.1.tlog
h:\glstudy\gllearning\gllearning\x64\debug\gllearning.tlog\link.11604-rc.write.1.tlog
h:\glstudy\gllearning\gllearning\x64\debug\gllearning.tlog\link.11604.read.1.tlog
h:\glstudy\gllearning\gllearning\x64\debug\gllearning.tlog\link.11604.read.2.tlog
h:\glstudy\gllearning\gllearning\x64\debug\gllearning.tlog\link.11604.write.1.tlog
h:\glstudy\gllearning\gllearning\x64\debug\gllearning.tlog\link.command.1.tlog
h:\glstudy\gllearning\gllearning\x64\debug\gllearning.tlog\link.read.1.tlog
h:\glstudy\gllearning\gllearning\x64\debug\gllearning.tlog\link.read.2.tlog
h:\glstudy\gllearning\gllearning\x64\debug\gllearning.tlog\link.write.1.tlog
